<?xml version="1.0" encoding="UTF-8"?>
<!-- Generated by org.testng.reporters.JUnitReportReporter -->
<testsuite hostname="INLSW88V5A" failures="0" tests="3" name="com.appiumdemo.BetMGM_NV_QA_env" time="78.698" errors="0" timestamp="2023-06-12T16:26:35 IST" skipped="0">
  <testcase classname="com.appiumdemo.BetMGM_NV_QA_env" name="LandingOnHomePage" time="18.657"/>
  <system-out/>
  <testcase classname="com.appiumdemo.BetMGM_NV_QA_env" name="PlayerLogin" time="30.700"/>
  <system-out/>
  <testcase classname="com.appiumdemo.BetMGM_NV_QA_env" name="LaunchingApp" time="29.341"/>
  <system-out/>
</testsuite> <!-- com.appiumdemo.BetMGM_NV_QA_env -->
