<?xml version="1.0" encoding="UTF-8"?>
<!-- Generated by org.testng.reporters.JUnitReportReporter -->
<testsuite hostname="INLSW88V5A" failures="0" tests="2" name="com.appiumdemo.SportsAdmin" time="46.360" errors="0" timestamp="2024-08-29T20:56:17 IST" skipped="0">
  <testcase classname="com.appiumdemo.SportsAdmin" name="freeCash" time="12.171"/>
  <system-out/>
  <testcase classname="com.appiumdemo.SportsAdmin" name="login" time="34.189"/>
  <system-out/>
</testsuite> <!-- com.appiumdemo.SportsAdmin -->
