<?xml version="1.0" encoding="UTF-8"?>
<!-- Generated by org.testng.reporters.JUnitReportReporter -->
<testsuite hostname="INLSW88V5A" failures="0" tests="3" name="com.appiumdemo.BaseTest" time="153.756" errors="0" timestamp="2023-06-02T18:00:54 IST" skipped="0">
  <testcase classname="com.appiumdemo.BaseTest" name="LaunchingApp" time="27.904"/>
  <system-out/>
  <testcase classname="com.appiumdemo.BaseTest" name="LandingOnHomePage" time="88.496"/>
  <system-out/>
  <testcase classname="com.appiumdemo.BaseTest" name="PlayerLogin" time="37.356"/>
  <system-out/>
</testsuite> <!-- com.appiumdemo.BaseTest -->
