<?xml version="1.0" encoding="UTF-8"?>
<!-- Generated by org.testng.reporters.JUnitReportReporter -->
<testsuite hostname="INLSW88V5A" failures="0" tests="6" name="com.appiumdemo.WestGate" time="111.860" errors="0" timestamp="2024-09-24T13:09:14 IST" skipped="0">
  <testcase classname="com.appiumdemo.WestGate" name="StraightBetConfig" time="19.901"/>
  <system-out/>
  <testcase classname="com.appiumdemo.WestGate" name="launchingApp" time="36.046"/>
  <system-out/>
  <testcase classname="com.appiumdemo.WestGate" name="logout" time="10.703"/>
  <system-out/>
  <testcase classname="com.appiumdemo.WestGate" name="ParlayBetConfig" time="20.042"/>
  <system-out/>
  <testcase classname="com.appiumdemo.WestGate" name="TeaserBetConfig" time="20.081"/>
  <system-out/>
  <testcase classname="com.appiumdemo.WestGate" name="playerLogin" time="5.087"/>
  <system-out/>
</testsuite> <!-- com.appiumdemo.WestGate -->
