<?xml version="1.0" encoding="UTF-8"?>
<!-- Generated by org.testng.reporters.JUnitReportReporter -->
<testsuite hostname="INLSW88V5A" failures="0" tests="3" name="com.appiumdemo.CircaSportsNV" time="1.496" errors="1" timestamp="2023-06-26T17:11:36 IST" skipped="2">
  <testcase classname="com.appiumdemo.CircaSportsNV" name="registerPlayer" time="0.000">
    <skipped/>
  </testcase> <!-- registerPlayer -->
  <system-out/>
  <testcase classname="com.appiumdemo.CircaSportsNV" name="launchingApp" time="0.000">
    <skipped/>
  </testcase> <!-- launchingApp -->
  <system-out/>
  <testcase classname="com.appiumdemo.CircaSportsNV" name="Capabilities" time="1.496">
    <error message="Could not start a new session. Response code 400. Message: To use automation on desktop and virtual devices use http://hub.lambdatest.com/wd/hub 
Host info: host: &#039;INLSW88V5A&#039;, ip: &#039;10.8.1.102&#039;
Build info: version: &#039;4.10.0&#039;, revision: &#039;c14d967899&#039;
System info: os.name: &#039;Windows 10&#039;, os.arch: &#039;amd64&#039;, os.version: &#039;10.0&#039;, java.version: &#039;17.0.6&#039;
Driver info: io.appium.java_client.AppiumDriver
Command: [null, newSession {capabilities=[{appium:app=lt://APP1016033751686554138486586, appium:build=Java Vanilla - Android, appium:console=true, appium:deviceName=Galaxy S22 5G, appium:deviceOrientation=PORTRAIT, appium:devicelog=true, appium:idleTimeout=2, appium:isRealMobile=true, appium:name=Sample Test Java, appium:network=false, appium:platformName=Android, appium:platformVersion=12, appium:tunnel=true, appium:visual=true}], desiredCapabilities=Capabilities {appium:app: lt://APP1016033751686554138..., appium:build: Java Vanilla - Android, appium:console: true, appium:deviceName: Galaxy S22 5G, appium:deviceOrientation: PORTRAIT, appium:devicelog: true, appium:idleTimeout: 2, appium:isRealMobile: true, appium:name: Sample Test Java, appium:network: false, appium:platformName: Android, appium:platformVersion: 12, appium:tunnel: true, appium:visual: true}}]
Capabilities {appium:app: lt://APP1016033751686554138..., appium:build: Java Vanilla - Android, appium:console: true, appium:deviceName: Galaxy S22 5G, appium:deviceOrientation: PORTRAIT, appium:devicelog: true, appium:idleTimeout: 2, appium:isRealMobile: true, appium:name: Sample Test Java, appium:network: false, appium:platformName: Android, appium:platformVersion: 12, appium:tunnel: true, appium:visual: true}" type="org.openqa.selenium.SessionNotCreatedException">
      <![CDATA[org.openqa.selenium.SessionNotCreatedException: Could not start a new session. Response code 400. Message: To use automation on desktop and virtual devices use http://hub.lambdatest.com/wd/hub 
Host info: host: 'INLSW88V5A', ip: '10.8.1.102'
Build info: version: '4.10.0', revision: 'c14d967899'
System info: os.name: 'Windows 10', os.arch: 'amd64', os.version: '10.0', java.version: '17.0.6'
Driver info: io.appium.java_client.AppiumDriver
Command: [null, newSession {capabilities=[{appium:app=lt://APP1016033751686554138486586, appium:build=Java Vanilla - Android, appium:console=true, appium:deviceName=Galaxy S22 5G, appium:deviceOrientation=PORTRAIT, appium:devicelog=true, appium:idleTimeout=2, appium:isRealMobile=true, appium:name=Sample Test Java, appium:network=false, appium:platformName=Android, appium:platformVersion=12, appium:tunnel=true, appium:visual=true}], desiredCapabilities=Capabilities {appium:app: lt://APP1016033751686554138..., appium:build: Java Vanilla - Android, appium:console: true, appium:deviceName: Galaxy S22 5G, appium:deviceOrientation: PORTRAIT, appium:devicelog: true, appium:idleTimeout: 2, appium:isRealMobile: true, appium:name: Sample Test Java, appium:network: false, appium:platformName: Android, appium:platformVersion: 12, appium:tunnel: true, appium:visual: true}}]
Capabilities {appium:app: lt://APP1016033751686554138..., appium:build: Java Vanilla - Android, appium:console: true, appium:deviceName: Galaxy S22 5G, appium:deviceOrientation: PORTRAIT, appium:devicelog: true, appium:idleTimeout: 2, appium:isRealMobile: true, appium:name: Sample Test Java, appium:network: false, appium:platformName: Android, appium:platformVersion: 12, appium:tunnel: true, appium:visual: true}
at org.openqa.selenium.remote.ProtocolHandshake.createSession(ProtocolHandshake.java:140)
at java.base/jdk.internal.reflect.NativeMethodAccessorImpl.invoke0(Native Method)
at java.base/jdk.internal.reflect.NativeMethodAccessorImpl.invoke(NativeMethodAccessorImpl.java:77)
at java.base/jdk.internal.reflect.DelegatingMethodAccessorImpl.invoke(DelegatingMethodAccessorImpl.java:43)
at java.base/java.lang.reflect.Method.invoke(Method.java:568)
at io.appium.java_client.remote.AppiumProtocolHandshake.createSession(AppiumProtocolHandshake.java:133)
at io.appium.java_client.remote.AppiumProtocolHandshake.createSession(AppiumProtocolHandshake.java:102)
at io.appium.java_client.remote.AppiumCommandExecutor.createSession(AppiumCommandExecutor.java:182)
at io.appium.java_client.remote.AppiumCommandExecutor.execute(AppiumCommandExecutor.java:250)
at org.openqa.selenium.remote.RemoteWebDriver.execute(RemoteWebDriver.java:531)
at io.appium.java_client.AppiumDriver.startSession(AppiumDriver.java:274)
at org.openqa.selenium.remote.RemoteWebDriver.<init>(RemoteWebDriver.java:154)
at io.appium.java_client.AppiumDriver.<init>(AppiumDriver.java:89)
at io.appium.java_client.AppiumDriver.<init>(AppiumDriver.java:101)
at com.appiumdemo.CircaSportsNV.Capabilities(CircaSportsNV.java:95)
at java.base/jdk.internal.reflect.NativeMethodAccessorImpl.invoke0(Native Method)
at java.base/jdk.internal.reflect.NativeMethodAccessorImpl.invoke(NativeMethodAccessorImpl.java:77)
at java.base/jdk.internal.reflect.DelegatingMethodAccessorImpl.invoke(DelegatingMethodAccessorImpl.java:43)
at java.base/java.lang.reflect.Method.invoke(Method.java:568)
at org.testng.internal.MethodInvocationHelper.invokeMethod(MethodInvocationHelper.java:133)
at org.testng.internal.MethodInvocationHelper.invokeMethodConsideringTimeout(MethodInvocationHelper.java:62)
at org.testng.internal.ConfigInvoker.invokeConfigurationMethod(ConfigInvoker.java:385)
at org.testng.internal.ConfigInvoker.invokeConfigurations(ConfigInvoker.java:321)
at org.testng.TestRunner.invokeTestConfigurations(TestRunner.java:637)
at org.testng.TestRunner.beforeRun(TestRunner.java:627)
at org.testng.TestRunner.run(TestRunner.java:589)
at org.testng.SuiteRunner.runTest(SuiteRunner.java:377)
at org.testng.SuiteRunner.runSequentially(SuiteRunner.java:371)
at org.testng.SuiteRunner.privateRun(SuiteRunner.java:332)
at org.testng.SuiteRunner.run(SuiteRunner.java:276)
at org.testng.SuiteRunnerWorker.runSuite(SuiteRunnerWorker.java:53)
at org.testng.SuiteRunnerWorker.run(SuiteRunnerWorker.java:96)
at org.testng.TestNG.runSuitesSequentially(TestNG.java:1212)
at org.testng.TestNG.runSuitesLocally(TestNG.java:1134)
at org.testng.TestNG.runSuites(TestNG.java:1063)
at org.testng.TestNG.run(TestNG.java:1031)
at org.testng.remote.AbstractRemoteTestNG.run(AbstractRemoteTestNG.java:115)
at org.testng.remote.RemoteTestNG.initAndRun(RemoteTestNG.java:251)
at org.testng.remote.RemoteTestNG.main(RemoteTestNG.java:77)
]]>
    </error>
  </testcase> <!-- Capabilities -->
  <system-out/>
</testsuite> <!-- com.appiumdemo.CircaSportsNV -->
