<?xml version="1.0" encoding="UTF-8"?>
<!-- Generated by org.testng.reporters.JUnitReportReporter -->
<testsuite hostname="INLSW88V5A" failures="0" tests="1" name="com.appiumdemo.AppTest" time="28.215" errors="0" timestamp="2023-03-28T11:10:15 IST" skipped="0">
  <testcase classname="com.appiumdemo.AppTest" name="Test" time="28.215"/>
  <system-out/>
</testsuite> <!-- com.appiumdemo.AppTest -->
